<?xml version="1.1" encoding="UTF-8"?>
<testsuite name="com.wyrdtech.dlang.lexer.LexStringLiteralTest" tests="3" failures="0" errors="0" timestamp="2013-02-14T21:53:12" hostname="jeremy" time="0.001">
  <properties/>
  <testcase name="escaped" classname="com.wyrdtech.dlang.lexer.LexStringLiteralTest" time="0.0"/>
  <testcase name="simple" classname="com.wyrdtech.dlang.lexer.LexStringLiteralTest" time="0.0"/>
  <testcase name="wysiwyg" classname="com.wyrdtech.dlang.lexer.LexStringLiteralTest" time="0.0"/>
  <system-out><![CDATA[]]></system-out>
  <system-err><![CDATA[]]></system-err>
</testsuite>
