<?xml version="1.1" encoding="UTF-8"?>
<testsuite name="com.wyrdtech.dlang.lexer.LexCharLiteralTest" tests="1" failures="0" errors="0" timestamp="2013-02-14T21:53:12" hostname="jeremy" time="0.005">
  <properties/>
  <testcase name="chars" classname="com.wyrdtech.dlang.lexer.LexCharLiteralTest" time="0.005"/>
  <system-out><![CDATA[]]></system-out>
  <system-err><![CDATA[]]></system-err>
</testsuite>
